 
****************************************
Report : cell
Design : cruisecontrol
Version: G-2012.06-SP2
Date   : Wed Dec 20 06:01:51 2017
****************************************

Attributes:
   BO - reference allows boundary optimization
    b - black box (unknown)
    h - hierarchical
    n - noncombinational
    r - removable
    u - contains unmapped logic

Cell                      Reference       Library             Area  Attributes
--------------------------------------------------------------------------------
U124                      NOR3_X1         NangateOpenCellLibrary_ss0p95vn40c
                                                          1.064000  
U125                      OAI22_X1        NangateOpenCellLibrary_ss0p95vn40c
                                                          1.330000  
U126                      INV_X1          NangateOpenCellLibrary_ss0p95vn40c
                                                          0.532000  
U127                      AOI211_X1       NangateOpenCellLibrary_ss0p95vn40c
                                                          1.330000  
U128                      INV_X1          NangateOpenCellLibrary_ss0p95vn40c
                                                          0.532000  
U129                      AOI221_X1       NangateOpenCellLibrary_ss0p95vn40c
                                                          1.596000  
U130                      NAND2_X1        NangateOpenCellLibrary_ss0p95vn40c
                                                          0.798000  
U131                      NOR2_X1         NangateOpenCellLibrary_ss0p95vn40c
                                                          0.798000  
U132                      NAND2_X1        NangateOpenCellLibrary_ss0p95vn40c
                                                          0.798000  
U133                      OAI21_X1        NangateOpenCellLibrary_ss0p95vn40c
                                                          1.064000  
U134                      INV_X1          NangateOpenCellLibrary_ss0p95vn40c
                                                          0.532000  
U135                      AOI211_X1       NangateOpenCellLibrary_ss0p95vn40c
                                                          1.330000  
U136                      INV_X1          NangateOpenCellLibrary_ss0p95vn40c
                                                          0.532000  
U137                      OAI21_X1        NangateOpenCellLibrary_ss0p95vn40c
                                                          1.064000  
U138                      AND2_X1         NangateOpenCellLibrary_ss0p95vn40c
                                                          1.064000  
U139                      AND2_X1         NangateOpenCellLibrary_ss0p95vn40c
                                                          1.064000  
U140                      NOR2_X1         NangateOpenCellLibrary_ss0p95vn40c
                                                          0.798000  
U141                      OAI211_X1       NangateOpenCellLibrary_ss0p95vn40c
                                                          1.330000  
U142                      INV_X1          NangateOpenCellLibrary_ss0p95vn40c
                                                          0.532000  
U143                      NOR2_X1         NangateOpenCellLibrary_ss0p95vn40c
                                                          0.798000  
U144                      OAI22_X1        NangateOpenCellLibrary_ss0p95vn40c
                                                          1.330000  
U145                      NAND4_X1        NangateOpenCellLibrary_ss0p95vn40c
                                                          1.330000  
U146                      OR2_X1          NangateOpenCellLibrary_ss0p95vn40c
                                                          1.064000  
U147                      NOR2_X1         NangateOpenCellLibrary_ss0p95vn40c
                                                          0.798000  
U148                      NOR2_X1         NangateOpenCellLibrary_ss0p95vn40c
                                                          0.798000  
U149                      NAND2_X1        NangateOpenCellLibrary_ss0p95vn40c
                                                          0.798000  
U150                      AND3_X1         NangateOpenCellLibrary_ss0p95vn40c
                                                          1.330000  
U151                      AND3_X1         NangateOpenCellLibrary_ss0p95vn40c
                                                          1.330000  
U152                      INV_X1          NangateOpenCellLibrary_ss0p95vn40c
                                                          0.532000  
U153                      OAI21_X1        NangateOpenCellLibrary_ss0p95vn40c
                                                          1.064000  
U154                      INV_X1          NangateOpenCellLibrary_ss0p95vn40c
                                                          0.532000  
U155                      INV_X1          NangateOpenCellLibrary_ss0p95vn40c
                                                          0.532000  
U156                      INV_X1          NangateOpenCellLibrary_ss0p95vn40c
                                                          0.532000  
U157                      NAND2_X1        NangateOpenCellLibrary_ss0p95vn40c
                                                          0.798000  
U158                      INV_X1          NangateOpenCellLibrary_ss0p95vn40c
                                                          0.532000  
U159                      INV_X1          NangateOpenCellLibrary_ss0p95vn40c
                                                          0.532000  
U160                      INV_X1          NangateOpenCellLibrary_ss0p95vn40c
                                                          0.532000  
U161                      INV_X1          NangateOpenCellLibrary_ss0p95vn40c
                                                          0.532000  
U162                      INV_X1          NangateOpenCellLibrary_ss0p95vn40c
                                                          0.532000  
U163                      INV_X1          NangateOpenCellLibrary_ss0p95vn40c
                                                          0.532000  
U164                      INV_X1          NangateOpenCellLibrary_ss0p95vn40c
                                                          0.532000  
U165                      INV_X1          NangateOpenCellLibrary_ss0p95vn40c
                                                          0.532000  
U166                      INV_X1          NangateOpenCellLibrary_ss0p95vn40c
                                                          0.532000  
U167                      INV_X1          NangateOpenCellLibrary_ss0p95vn40c
                                                          0.532000  
U168                      INV_X1          NangateOpenCellLibrary_ss0p95vn40c
                                                          0.532000  
U169                      INV_X1          NangateOpenCellLibrary_ss0p95vn40c
                                                          0.532000  
U170                      INV_X1          NangateOpenCellLibrary_ss0p95vn40c
                                                          0.532000  
U171                      NAND2_X1        NangateOpenCellLibrary_ss0p95vn40c
                                                          0.798000  
U172                      NOR2_X1         NangateOpenCellLibrary_ss0p95vn40c
                                                          0.798000  
U173                      NOR2_X1         NangateOpenCellLibrary_ss0p95vn40c
                                                          0.798000  
U174                      INV_X1          NangateOpenCellLibrary_ss0p95vn40c
                                                          0.532000  
U175                      OAI22_X1        NangateOpenCellLibrary_ss0p95vn40c
                                                          1.330000  
U176                      AOI222_X1       NangateOpenCellLibrary_ss0p95vn40c
                                                          2.128000  
U177                      OAI22_X1        NangateOpenCellLibrary_ss0p95vn40c
                                                          1.330000  
U178                      AOI222_X1       NangateOpenCellLibrary_ss0p95vn40c
                                                          2.128000  
U179                      XNOR2_X1        NangateOpenCellLibrary_ss0p95vn40c
                                                          1.596000  
U180                      OAI22_X1        NangateOpenCellLibrary_ss0p95vn40c
                                                          1.330000  
U181                      AOI222_X1       NangateOpenCellLibrary_ss0p95vn40c
                                                          2.128000  
U182                      XNOR2_X1        NangateOpenCellLibrary_ss0p95vn40c
                                                          1.596000  
U183                      OAI22_X1        NangateOpenCellLibrary_ss0p95vn40c
                                                          1.330000  
U184                      AOI222_X1       NangateOpenCellLibrary_ss0p95vn40c
                                                          2.128000  
U185                      XNOR2_X1        NangateOpenCellLibrary_ss0p95vn40c
                                                          1.596000  
U186                      OAI22_X1        NangateOpenCellLibrary_ss0p95vn40c
                                                          1.330000  
U187                      AOI222_X1       NangateOpenCellLibrary_ss0p95vn40c
                                                          2.128000  
U188                      XNOR2_X1        NangateOpenCellLibrary_ss0p95vn40c
                                                          1.596000  
U189                      OAI22_X1        NangateOpenCellLibrary_ss0p95vn40c
                                                          1.330000  
U190                      AOI222_X1       NangateOpenCellLibrary_ss0p95vn40c
                                                          2.128000  
U191                      XNOR2_X1        NangateOpenCellLibrary_ss0p95vn40c
                                                          1.596000  
U192                      OAI22_X1        NangateOpenCellLibrary_ss0p95vn40c
                                                          1.330000  
U193                      AOI222_X1       NangateOpenCellLibrary_ss0p95vn40c
                                                          2.128000  
U194                      OAI22_X1        NangateOpenCellLibrary_ss0p95vn40c
                                                          1.330000  
U195                      AOI222_X1       NangateOpenCellLibrary_ss0p95vn40c
                                                          2.128000  
U196                      XNOR2_X1        NangateOpenCellLibrary_ss0p95vn40c
                                                          1.596000  
U197                      AND2_X1         NangateOpenCellLibrary_ss0p95vn40c
                                                          1.064000  
U198                      AOI211_X1       NangateOpenCellLibrary_ss0p95vn40c
                                                          1.330000  
U199                      OAI211_X1       NangateOpenCellLibrary_ss0p95vn40c
                                                          1.330000  
U200                      NOR2_X1         NangateOpenCellLibrary_ss0p95vn40c
                                                          0.798000  
U201                      OR4_X1          NangateOpenCellLibrary_ss0p95vn40c
                                                          1.596000  
U202                      AOI21_X1        NangateOpenCellLibrary_ss0p95vn40c
                                                          1.064000  
U203                      AND2_X1         NangateOpenCellLibrary_ss0p95vn40c
                                                          1.064000  
U204                      INV_X1          NangateOpenCellLibrary_ss0p95vn40c
                                                          0.532000  
U205                      OR3_X1          NangateOpenCellLibrary_ss0p95vn40c
                                                          1.330000  
U206                      INV_X1          NangateOpenCellLibrary_ss0p95vn40c
                                                          0.532000  
U207                      NAND3_X1        NangateOpenCellLibrary_ss0p95vn40c
                                                          1.064000  
U208                      OAI22_X1        NangateOpenCellLibrary_ss0p95vn40c
                                                          1.330000  
U209                      NOR3_X1         NangateOpenCellLibrary_ss0p95vn40c
                                                          1.064000  
U210                      AND3_X1         NangateOpenCellLibrary_ss0p95vn40c
                                                          1.330000  
U211                      OAI22_X1        NangateOpenCellLibrary_ss0p95vn40c
                                                          1.330000  
U212                      AOI21_X1        NangateOpenCellLibrary_ss0p95vn40c
                                                          1.064000  
U213                      NOR2_X1         NangateOpenCellLibrary_ss0p95vn40c
                                                          0.798000  
U214                      OAI211_X1       NangateOpenCellLibrary_ss0p95vn40c
                                                          1.330000  
U215                      AOI22_X1        NangateOpenCellLibrary_ss0p95vn40c
                                                          1.330000  
U216                      NAND2_X1        NangateOpenCellLibrary_ss0p95vn40c
                                                          0.798000  
U217                      OAI211_X1       NangateOpenCellLibrary_ss0p95vn40c
                                                          1.330000  
U218                      AOI22_X1        NangateOpenCellLibrary_ss0p95vn40c
                                                          1.330000  
U219                      NAND2_X1        NangateOpenCellLibrary_ss0p95vn40c
                                                          0.798000  
U220                      OAI211_X1       NangateOpenCellLibrary_ss0p95vn40c
                                                          1.330000  
U221                      AOI22_X1        NangateOpenCellLibrary_ss0p95vn40c
                                                          1.330000  
U222                      NAND2_X1        NangateOpenCellLibrary_ss0p95vn40c
                                                          0.798000  
U223                      OAI211_X1       NangateOpenCellLibrary_ss0p95vn40c
                                                          1.330000  
U224                      AOI22_X1        NangateOpenCellLibrary_ss0p95vn40c
                                                          1.330000  
U225                      NAND2_X1        NangateOpenCellLibrary_ss0p95vn40c
                                                          0.798000  
U226                      OAI211_X1       NangateOpenCellLibrary_ss0p95vn40c
                                                          1.330000  
U227                      AOI22_X1        NangateOpenCellLibrary_ss0p95vn40c
                                                          1.330000  
U228                      NAND2_X1        NangateOpenCellLibrary_ss0p95vn40c
                                                          0.798000  
U229                      OAI211_X1       NangateOpenCellLibrary_ss0p95vn40c
                                                          1.330000  
U230                      AOI22_X1        NangateOpenCellLibrary_ss0p95vn40c
                                                          1.330000  
U231                      NAND2_X1        NangateOpenCellLibrary_ss0p95vn40c
                                                          0.798000  
U232                      OAI211_X1       NangateOpenCellLibrary_ss0p95vn40c
                                                          1.330000  
U233                      AOI22_X1        NangateOpenCellLibrary_ss0p95vn40c
                                                          1.330000  
U234                      NAND2_X1        NangateOpenCellLibrary_ss0p95vn40c
                                                          0.798000  
U235                      OAI211_X1       NangateOpenCellLibrary_ss0p95vn40c
                                                          1.330000  
U236                      AOI22_X1        NangateOpenCellLibrary_ss0p95vn40c
                                                          1.330000  
U237                      NAND2_X1        NangateOpenCellLibrary_ss0p95vn40c
                                                          0.798000  
U238                      INV_X1          NangateOpenCellLibrary_ss0p95vn40c
                                                          0.532000  
U239                      NAND2_X1        NangateOpenCellLibrary_ss0p95vn40c
                                                          0.798000  
U240                      NAND3_X1        NangateOpenCellLibrary_ss0p95vn40c
                                                          1.064000  
U241                      AND2_X1         NangateOpenCellLibrary_ss0p95vn40c
                                                          1.064000  
U242                      OAI21_X1        NangateOpenCellLibrary_ss0p95vn40c
                                                          1.064000  
U243                      OAI211_X1       NangateOpenCellLibrary_ss0p95vn40c
                                                          1.330000  
U244                      OAI21_X1        NangateOpenCellLibrary_ss0p95vn40c
                                                          1.064000  
U245                      INV_X1          NangateOpenCellLibrary_ss0p95vn40c
                                                          0.532000  
U246                      INV_X1          NangateOpenCellLibrary_ss0p95vn40c
                                                          0.532000  
U247                      NOR2_X1         NangateOpenCellLibrary_ss0p95vn40c
                                                          0.798000  
U248                      AOI211_X1       NangateOpenCellLibrary_ss0p95vn40c
                                                          1.330000  
U249                      OAI22_X1        NangateOpenCellLibrary_ss0p95vn40c
                                                          1.330000  
U250                      INV_X1          NangateOpenCellLibrary_ss0p95vn40c
                                                          0.532000  
U251                      INV_X1          NangateOpenCellLibrary_ss0p95vn40c
                                                          0.532000  
U252                      INV_X1          NangateOpenCellLibrary_ss0p95vn40c
                                                          0.532000  
U253                      INV_X1          NangateOpenCellLibrary_ss0p95vn40c
                                                          0.532000  
U254                      OR2_X1          NangateOpenCellLibrary_ss0p95vn40c
                                                          1.064000  
U255                      OR2_X1          NangateOpenCellLibrary_ss0p95vn40c
                                                          1.064000  
U256                      OR2_X1          NangateOpenCellLibrary_ss0p95vn40c
                                                          1.064000  
U257                      OR2_X1          NangateOpenCellLibrary_ss0p95vn40c
                                                          1.064000  
U258                      OR2_X1          NangateOpenCellLibrary_ss0p95vn40c
                                                          1.064000  
U259                      NOR3_X1         NangateOpenCellLibrary_ss0p95vn40c
                                                          1.064000  
U260                      NAND3_X1        NangateOpenCellLibrary_ss0p95vn40c
                                                          1.064000  
U261                      OAI21_X1        NangateOpenCellLibrary_ss0p95vn40c
                                                          1.064000  
U262                      NOR2_X1         NangateOpenCellLibrary_ss0p95vn40c
                                                          0.798000  
U263                      NAND4_X1        NangateOpenCellLibrary_ss0p95vn40c
                                                          1.330000  
U264                      NAND4_X1        NangateOpenCellLibrary_ss0p95vn40c
                                                          1.330000  
U265                      NAND3_X1        NangateOpenCellLibrary_ss0p95vn40c
                                                          1.064000  
U266                      NAND3_X1        NangateOpenCellLibrary_ss0p95vn40c
                                                          1.064000  
U267                      NAND3_X1        NangateOpenCellLibrary_ss0p95vn40c
                                                          1.064000  
U268                      NOR2_X1         NangateOpenCellLibrary_ss0p95vn40c
                                                          0.798000  
U269                      OAI21_X1        NangateOpenCellLibrary_ss0p95vn40c
                                                          1.064000  
U270                      NOR2_X1         NangateOpenCellLibrary_ss0p95vn40c
                                                          0.798000  
U271                      OAI21_X1        NangateOpenCellLibrary_ss0p95vn40c
                                                          1.064000  
U272                      NOR2_X1         NangateOpenCellLibrary_ss0p95vn40c
                                                          0.798000  
U273                      OAI21_X1        NangateOpenCellLibrary_ss0p95vn40c
                                                          1.064000  
U274                      NOR2_X1         NangateOpenCellLibrary_ss0p95vn40c
                                                          0.798000  
U275                      OAI21_X1        NangateOpenCellLibrary_ss0p95vn40c
                                                          1.064000  
U276                      NOR2_X1         NangateOpenCellLibrary_ss0p95vn40c
                                                          0.798000  
U277                      OAI21_X1        NangateOpenCellLibrary_ss0p95vn40c
                                                          1.064000  
U278                      XOR2_X1         NangateOpenCellLibrary_ss0p95vn40c
                                                          1.596000  
U279                      NOR2_X1         NangateOpenCellLibrary_ss0p95vn40c
                                                          0.798000  
U280                      XOR2_X1         NangateOpenCellLibrary_ss0p95vn40c
                                                          1.596000  
U281                      NOR2_X1         NangateOpenCellLibrary_ss0p95vn40c
                                                          0.798000  
U282                      OAI21_X1        NangateOpenCellLibrary_ss0p95vn40c
                                                          1.064000  
U283                      NOR2_X1         NangateOpenCellLibrary_ss0p95vn40c
                                                          0.798000  
U284                      OAI21_X1        NangateOpenCellLibrary_ss0p95vn40c
                                                          1.064000  
U285                      NOR2_X1         NangateOpenCellLibrary_ss0p95vn40c
                                                          0.798000  
U286                      OAI21_X1        NangateOpenCellLibrary_ss0p95vn40c
                                                          1.064000  
U287                      NOR2_X1         NangateOpenCellLibrary_ss0p95vn40c
                                                          0.798000  
U288                      OAI21_X1        NangateOpenCellLibrary_ss0p95vn40c
                                                          1.064000  
U289                      NOR2_X1         NangateOpenCellLibrary_ss0p95vn40c
                                                          0.798000  
U290                      OAI21_X1        NangateOpenCellLibrary_ss0p95vn40c
                                                          1.064000  
U291                      XOR2_X1         NangateOpenCellLibrary_ss0p95vn40c
                                                          1.596000  
U292                      NOR2_X1         NangateOpenCellLibrary_ss0p95vn40c
                                                          0.798000  
U293                      XOR2_X1         NangateOpenCellLibrary_ss0p95vn40c
                                                          1.596000  
U294                      NOR2_X1         NangateOpenCellLibrary_ss0p95vn40c
                                                          0.798000  
U295                      AND3_X1         NangateOpenCellLibrary_ss0p95vn40c
                                                          1.330000  
U296                      OAI21_X1        NangateOpenCellLibrary_ss0p95vn40c
                                                          1.064000  
U297                      NAND2_X1        NangateOpenCellLibrary_ss0p95vn40c
                                                          0.798000  
U298                      NAND2_X1        NangateOpenCellLibrary_ss0p95vn40c
                                                          0.798000  
U299                      NOR2_X1         NangateOpenCellLibrary_ss0p95vn40c
                                                          0.798000  
U300                      AND2_X1         NangateOpenCellLibrary_ss0p95vn40c
                                                          1.064000  
U301                      NOR2_X1         NangateOpenCellLibrary_ss0p95vn40c
                                                          0.798000  
U302                      OR2_X1          NangateOpenCellLibrary_ss0p95vn40c
                                                          1.064000  
U303                      NAND2_X1        NangateOpenCellLibrary_ss0p95vn40c
                                                          0.798000  
U304                      NAND2_X1        NangateOpenCellLibrary_ss0p95vn40c
                                                          0.798000  
U305                      NAND2_X1        NangateOpenCellLibrary_ss0p95vn40c
                                                          0.798000  
U306                      OR2_X1          NangateOpenCellLibrary_ss0p95vn40c
                                                          1.064000  
U307                      AOI22_X1        NangateOpenCellLibrary_ss0p95vn40c
                                                          1.330000  
U308                      NAND2_X1        NangateOpenCellLibrary_ss0p95vn40c
                                                          0.798000  
U309                      OAI211_X1       NangateOpenCellLibrary_ss0p95vn40c
                                                          1.330000  
U310                      NOR2_X1         NangateOpenCellLibrary_ss0p95vn40c
                                                          0.798000  
U311                      AND2_X1         NangateOpenCellLibrary_ss0p95vn40c
                                                          1.064000  
U312                      NOR2_X1         NangateOpenCellLibrary_ss0p95vn40c
                                                          0.798000  
U313                      NAND3_X1        NangateOpenCellLibrary_ss0p95vn40c
                                                          1.064000  
U314                      NOR2_X1         NangateOpenCellLibrary_ss0p95vn40c
                                                          0.798000  
U315                      AOI21_X1        NangateOpenCellLibrary_ss0p95vn40c
                                                          1.064000  
U316                      XNOR2_X1        NangateOpenCellLibrary_ss0p95vn40c
                                                          1.596000  
U317                      AOI22_X1        NangateOpenCellLibrary_ss0p95vn40c
                                                          1.330000  
U318                      NOR2_X1         NangateOpenCellLibrary_ss0p95vn40c
                                                          0.798000  
U319                      AOI21_X1        NangateOpenCellLibrary_ss0p95vn40c
                                                          1.064000  
U320                      NOR2_X1         NangateOpenCellLibrary_ss0p95vn40c
                                                          0.798000  
U321                      AND2_X1         NangateOpenCellLibrary_ss0p95vn40c
                                                          1.064000  
U322                      OAI22_X1        NangateOpenCellLibrary_ss0p95vn40c
                                                          1.330000  
U323                      OAI21_X1        NangateOpenCellLibrary_ss0p95vn40c
                                                          1.064000  
U324                      OAI21_X1        NangateOpenCellLibrary_ss0p95vn40c
                                                          1.064000  
U325                      AOI21_X1        NangateOpenCellLibrary_ss0p95vn40c
                                                          1.064000  
U326                      AOI21_X1        NangateOpenCellLibrary_ss0p95vn40c
                                                          1.064000  
U327                      AOI22_X1        NangateOpenCellLibrary_ss0p95vn40c
                                                          1.330000  
U328                      OAI21_X1        NangateOpenCellLibrary_ss0p95vn40c
                                                          1.064000  
add_118                   cruisecontrol_DW01_inc_0        18.088000 BO, h
cruisectrl_reg            DFF_X1          NangateOpenCellLibrary_ss0p95vn40c
                                                          4.522000  n
cruisespeed_reg[0]        DFF_X1          NangateOpenCellLibrary_ss0p95vn40c
                                                          4.522000  n
cruisespeed_reg[1]        DFF_X1          NangateOpenCellLibrary_ss0p95vn40c
                                                          4.522000  n
cruisespeed_reg[2]        DFF_X1          NangateOpenCellLibrary_ss0p95vn40c
                                                          4.522000  n
cruisespeed_reg[3]        DFF_X1          NangateOpenCellLibrary_ss0p95vn40c
                                                          4.522000  n
cruisespeed_reg[4]        DFF_X1          NangateOpenCellLibrary_ss0p95vn40c
                                                          4.522000  n
cruisespeed_reg[5]        DFF_X1          NangateOpenCellLibrary_ss0p95vn40c
                                                          4.522000  n
cruisespeed_reg[6]        DFF_X1          NangateOpenCellLibrary_ss0p95vn40c
                                                          4.522000  n
cruisespeed_reg[7]        DFF_X1          NangateOpenCellLibrary_ss0p95vn40c
                                                          4.522000  n
r113                      cruisecontrol_DW01_inc_1        18.088000 BO, h
speed_reg[0]              DFF_X1          NangateOpenCellLibrary_ss0p95vn40c
                                                          4.522000  n
speed_reg[1]              DFF_X1          NangateOpenCellLibrary_ss0p95vn40c
                                                          4.522000  n
speed_reg[2]              DFF_X1          NangateOpenCellLibrary_ss0p95vn40c
                                                          4.522000  n
speed_reg[3]              DFF_X1          NangateOpenCellLibrary_ss0p95vn40c
                                                          4.522000  n
speed_reg[4]              DFF_X1          NangateOpenCellLibrary_ss0p95vn40c
                                                          4.522000  n
speed_reg[5]              DFF_X1          NangateOpenCellLibrary_ss0p95vn40c
                                                          4.522000  n
speed_reg[6]              DFF_X1          NangateOpenCellLibrary_ss0p95vn40c
                                                          4.522000  n
speed_reg[7]              DFF_X1          NangateOpenCellLibrary_ss0p95vn40c
                                                          4.522000  n
state_reg[0]              DFF_X1          NangateOpenCellLibrary_ss0p95vn40c
                                                          4.522000  n
state_reg[1]              DFF_X1          NangateOpenCellLibrary_ss0p95vn40c
                                                          4.522000  n
state_reg[2]              DFF_X1          NangateOpenCellLibrary_ss0p95vn40c
                                                          4.522000  n
--------------------------------------------------------------------------------
Total 227 cells                                           342.607999
1
